0 info it worked if it ends with ok
1 verbose cli [ '/home/ramiro/.nvm/versions/node/v6.10.1/bin/node',
1 verbose cli   '/home/ramiro/.nvm/versions/node/v6.10.1/bin/npm',
1 verbose cli   'adduser' ]
2 info using npm@3.10.10
3 info using node@v6.10.1
4 verbose adduser before first PUT { _id: 'org.couchdb.user:razhu',
4 verbose adduser   name: 'razhu',
4 verbose adduser   password: 'XXXXX',
4 verbose adduser   email: 'rhuayller@agetic.gob.bo',
4 verbose adduser   type: 'user',
4 verbose adduser   roles: [],
4 verbose adduser   date: '2017-08-17T12:47:16.416Z' }
5 verbose request uri http://repositorio.agetic.gob.bo/nexus/repository/npmjs/-/user/org.couchdb.user:razhu
6 verbose request new user, so can't send auth
7 info attempt registry request try #1 at 8:47:16 AM
8 verbose request id 65fcca039ef297ef
9 http request PUT http://repositorio.agetic.gob.bo/nexus/repository/npmjs/-/user/org.couchdb.user:razhu
10 http 401 http://repositorio.agetic.gob.bo/nexus/repository/npmjs/-/user/org.couchdb.user:razhu
11 verbose headers { date: 'Thu, 17 Aug 2017 12:47:16 GMT',
11 verbose headers   server: 'Nexus/3.2.0-01 (OSS)',
11 verbose headers   'x-frame-options': 'SAMEORIGIN',
11 verbose headers   'x-content-type-options': 'nosniff',
11 verbose headers   'content-type': 'application/json',
11 verbose headers   'content-length': '52',
11 verbose headers   'x-xss-protection': '1; mode=block',
11 verbose headers   'x-webkit-csp': 'default-src \'self\'',
11 verbose headers   'x-permitted-cross-domain-policies': 'master-only',
11 verbose headers   'keep-alive': 'timeout=5, max=100',
11 verbose headers   connection: 'Keep-Alive' }
12 verbose request invalidating /home/ramiro/.npm/repositorio.agetic.gob.bo/nexus/repository/npmjs/-/user/org.couchdb.user_3Arazhu on PUT
13 verbose adduser back [ { Error: Bad username or password : nexus
13 verbose adduser       at makeError (/home/ramiro/.nvm/versions/node/v6.10.1/lib/node_modules/npm/node_modules/npm-registry-client/lib/request.js:302:12)
13 verbose adduser       at CachingRegistryClient.<anonymous> (/home/ramiro/.nvm/versions/node/v6.10.1/lib/node_modules/npm/node_modules/npm-registry-client/lib/request.js:290:14)
13 verbose adduser       at Request._callback (/home/ramiro/.nvm/versions/node/v6.10.1/lib/node_modules/npm/node_modules/npm-registry-client/lib/request.js:210:14)
13 verbose adduser       at Request.self.callback (/home/ramiro/.nvm/versions/node/v6.10.1/lib/node_modules/npm/node_modules/request/request.js:187:22)
13 verbose adduser       at emitTwo (events.js:106:13)
13 verbose adduser       at Request.emit (events.js:191:7)
13 verbose adduser       at Request.<anonymous> (/home/ramiro/.nvm/versions/node/v6.10.1/lib/node_modules/npm/node_modules/request/request.js:1048:10)
13 verbose adduser       at emitOne (events.js:96:13)
13 verbose adduser       at Request.emit (events.js:188:7)
13 verbose adduser       at IncomingMessage.<anonymous> (/home/ramiro/.nvm/versions/node/v6.10.1/lib/node_modules/npm/node_modules/request/request.js:969:12) pkgid: 'nexus', statusCode: 401, code: 'E401' },
13 verbose adduser   { success: false, error: 'Bad username or password' },
13 verbose adduser   '{"success":false,"error":"Bad username or password"}' ]
14 warn adduser Incorrect username or password
14 warn adduser You can reset your account by visiting:
14 warn adduser
14 warn adduser     https://npmjs.org/forgot
15 verbose stack Error: Bad username or password : nexus
15 verbose stack     at makeError (/home/ramiro/.nvm/versions/node/v6.10.1/lib/node_modules/npm/node_modules/npm-registry-client/lib/request.js:302:12)
15 verbose stack     at CachingRegistryClient.<anonymous> (/home/ramiro/.nvm/versions/node/v6.10.1/lib/node_modules/npm/node_modules/npm-registry-client/lib/request.js:290:14)
15 verbose stack     at Request._callback (/home/ramiro/.nvm/versions/node/v6.10.1/lib/node_modules/npm/node_modules/npm-registry-client/lib/request.js:210:14)
15 verbose stack     at Request.self.callback (/home/ramiro/.nvm/versions/node/v6.10.1/lib/node_modules/npm/node_modules/request/request.js:187:22)
15 verbose stack     at emitTwo (events.js:106:13)
15 verbose stack     at Request.emit (events.js:191:7)
15 verbose stack     at Request.<anonymous> (/home/ramiro/.nvm/versions/node/v6.10.1/lib/node_modules/npm/node_modules/request/request.js:1048:10)
15 verbose stack     at emitOne (events.js:96:13)
15 verbose stack     at Request.emit (events.js:188:7)
15 verbose stack     at IncomingMessage.<anonymous> (/home/ramiro/.nvm/versions/node/v6.10.1/lib/node_modules/npm/node_modules/request/request.js:969:12)
16 verbose statusCode 401
17 verbose pkgid nexus
18 verbose cwd /home/ramiro/Documents/myprojects/nodethings/sequelize-formly
19 error Linux 3.19.0-47-generic
20 error argv "/home/ramiro/.nvm/versions/node/v6.10.1/bin/node" "/home/ramiro/.nvm/versions/node/v6.10.1/bin/npm" "adduser"
21 error node v6.10.1
22 error npm  v3.10.10
23 error code E401
24 error Bad username or password : nexus
25 error If you need help, you may report this error at:
25 error     <https://github.com/npm/npm/issues>
26 verbose exit [ 1, true ]
